d:\onedrive - 筑波大学\授業資料\3_spring\情報メディア実験a\最終課題\src\成果物\release\btcube.bsc
d:\onedrive - 筑波大学\授業資料\3_spring\情報メディア実験a\最終課題\src\成果物\release\vc143.pdb
d:\onedrive - 筑波大学\授業資料\3_spring\情報メディア実験a\最終課題\src\成果物\release\vc143.idb
d:\onedrive - 筑波大学\授業資料\3_spring\情報メディア実験a\最終課題\src\成果物\release\make_stage.sbr
d:\onedrive - 筑波大学\授業資料\3_spring\情報メディア実験a\最終課題\src\成果物\release\make_gimmick.sbr
d:\onedrive - 筑波大学\授業資料\3_spring\情報メディア実験a\最終課題\src\成果物\release\main.sbr
d:\onedrive - 筑波大学\授業資料\3_spring\情報メディア実験a\最終課題\src\成果物\release\imgui_widgets.sbr
d:\onedrive - 筑波大学\授業資料\3_spring\情報メディア実験a\最終課題\src\成果物\release\imgui_tables.sbr
d:\onedrive - 筑波大学\授業資料\3_spring\情報メディア実験a\最終課題\src\成果物\release\imgui_impl_glfw.sbr
d:\onedrive - 筑波大学\授業資料\3_spring\情報メディア実験a\最終課題\src\成果物\release\imgui_draw.sbr
d:\onedrive - 筑波大学\授業資料\3_spring\情報メディア実験a\最終課題\src\成果物\release\imgui_demo.sbr
d:\onedrive - 筑波大学\授業資料\3_spring\情報メディア実験a\最終課題\src\成果物\release\imgui.sbr
d:\onedrive - 筑波大学\授業資料\3_spring\情報メディア実験a\最終課題\src\成果物\release\imgui_impl_opengl2.sbr
d:\onedrive - 筑波大学\授業資料\3_spring\情報メディア実験a\最終課題\src\成果物\release\imgui_impl_opengl2.obj
d:\onedrive - 筑波大学\授業資料\3_spring\情報メディア実験a\最終課題\src\成果物\release\imgui.obj
d:\onedrive - 筑波大学\授業資料\3_spring\情報メディア実験a\最終課題\src\成果物\release\imgui_demo.obj
d:\onedrive - 筑波大学\授業資料\3_spring\情報メディア実験a\最終課題\src\成果物\release\imgui_draw.obj
d:\onedrive - 筑波大学\授業資料\3_spring\情報メディア実験a\最終課題\src\成果物\release\imgui_impl_glfw.obj
d:\onedrive - 筑波大学\授業資料\3_spring\情報メディア実験a\最終課題\src\成果物\release\imgui_tables.obj
d:\onedrive - 筑波大学\授業資料\3_spring\情報メディア実験a\最終課題\src\成果物\release\imgui_widgets.obj
d:\onedrive - 筑波大学\授業資料\3_spring\情報メディア実験a\最終課題\src\成果物\release\main.obj
d:\onedrive - 筑波大学\授業資料\3_spring\情報メディア実験a\最終課題\src\成果物\release\make_gimmick.obj
d:\onedrive - 筑波大学\授業資料\3_spring\情報メディア実験a\最終課題\src\成果物\release\make_stage.obj
d:\onedrive - 筑波大学\授業資料\3_spring\情報メディア実験a\最終課題\src\成果物\release\btcube.tlog\bscmake.command.1.tlog
d:\onedrive - 筑波大学\授業資料\3_spring\情報メディア実験a\最終課題\src\成果物\release\btcube.tlog\bscmake.read.1.tlog
d:\onedrive - 筑波大学\授業資料\3_spring\情報メディア実験a\最終課題\src\成果物\release\btcube.tlog\bscmake.write.1.tlog
d:\onedrive - 筑波大学\授業資料\3_spring\情報メディア実験a\最終課題\src\成果物\release\btcube.tlog\cl.command.1.tlog
d:\onedrive - 筑波大学\授業資料\3_spring\情報メディア実験a\最終課題\src\成果物\release\btcube.tlog\cl.read.1.tlog
d:\onedrive - 筑波大学\授業資料\3_spring\情報メディア実験a\最終課題\src\成果物\release\btcube.tlog\cl.write.1.tlog
d:\onedrive - 筑波大学\授業資料\3_spring\情報メディア実験a\最終課題\src\成果物\release\btcube.tlog\link-cvtres.read.1.tlog
d:\onedrive - 筑波大学\授業資料\3_spring\情報メディア実験a\最終課題\src\成果物\release\btcube.tlog\link-cvtres.write.1.tlog
d:\onedrive - 筑波大学\授業資料\3_spring\情報メディア実験a\最終課題\src\成果物\release\btcube.tlog\link-rc.read.1.tlog
d:\onedrive - 筑波大学\授業資料\3_spring\情報メディア実験a\最終課題\src\成果物\release\btcube.tlog\link-rc.write.1.tlog
d:\onedrive - 筑波大学\授業資料\3_spring\情報メディア実験a\最終課題\src\成果物\release\btcube.tlog\link.command.1.tlog
d:\onedrive - 筑波大学\授業資料\3_spring\情報メディア実験a\最終課題\src\成果物\release\btcube.tlog\link.read.1.tlog
d:\onedrive - 筑波大学\授業資料\3_spring\情報メディア実験a\最終課題\src\成果物\release\btcube.tlog\link.write.1.tlog
